<?xml version="1.0" encoding="utf-8"?><testsuites name="pytest tests"><testsuite name="pytest" errors="0" failures="0" skipped="0" tests="10" time="0.946" timestamp="2026-05-03T04:29:49.654203+00:00" hostname="agent-env-3e4e2d57-4a3b-492b-920e-2518681effbf"><testcase classname="backend.tests.backend_test.TestHealth" name="test_root" time="0.233" /><testcase classname="backend.tests.backend_test.TestStudents" name="test_create_student" time="0.082" /><testcase classname="backend.tests.backend_test.TestStudents" name="test_get_student" time="0.046" /><testcase classname="backend.tests.backend_test.TestStudents" name="test_get_student_not_found" time="0.047" /><testcase classname="backend.tests.backend_test.TestScores" name="test_update_score_and_persist" time="0.095" /><testcase classname="backend.tests.backend_test.TestScores" name="test_score_max_stars_not_decreased" time="0.046" /><testcase classname="backend.tests.backend_test.TestScores" name="test_score_badges_starter" time="0.046" /><testcase classname="backend.tests.backend_test.TestScores" name="test_score_student_not_found" time="0.047" /><testcase classname="backend.tests.backend_test.TestCertificate" name="test_issue_certificate" time="0.048" /><testcase classname="backend.tests.backend_test.TestCertificate" name="test_issue_certificate_missing_id" time="0.045" /></testsuite></testsuites>